<?xml version="1.0" encoding="UTF-8"?>
<!-- Generated by org.testng.reporters.JUnitReportReporter -->
<testsuite hostname="DESKTOP-1ULGF16" failures="0" tests="1" name="Login.LoginWithTESTNG" time="8.962" errors="0" timestamp="2025-04-03T16:49:13 IST" skipped="0">
  <testcase classname="Login.LoginWithTESTNG" name="addloginTest" time="8.962"/>
  <system-out>
    <![CDATA[Validation is passed]]>
  </system-out>
</testsuite> <!-- Login.LoginWithTESTNG -->
