<?xml version="1.0" encoding="UTF-8"?>
<!-- Generated by org.testng.reporters.JUnitReportReporter -->
<testsuite hostname="DESKTOP-1ULGF16" failures="0" tests="2" name="CampaignTest.CreateCampaignWithTestNG" time="35.613" errors="0" timestamp="2025-04-03T16:47:48 IST" skipped="0">
  <testcase classname="CampaignTest.CreateCampaignWithTestNG" name="addCampaignWithClosedDate" time="18.970"/>
  <system-out>
    <![CDATA[Campaign Banner113991 added successfully]]>
  </system-out>
  <testcase classname="CampaignTest.CreateCampaignWithTestNG" name="addCampaignWithMandatoryField" time="16.643"/>
  <system-out>
    <![CDATA[Campaign Banner11127 added successfully]]>
  </system-out>
</testsuite> <!-- CampaignTest.CreateCampaignWithTestNG -->
