<?xml version="1.0" encoding="UTF-8"?>
<!-- Generated by org.testng.reporters.JUnitReportReporter -->
<testsuite hostname="DESKTOP-1ULGF16" failures="0" tests="2" name="CampaignTest.CreateCampaignWithTestNG" time="31.051" errors="0" timestamp="2025-03-26T21:01:45 IST" skipped="0">
  <testcase classname="CampaignTest.CreateCampaignWithTestNG" name="CreateCampaignWithClosedDate" time="18.110">
    <system-out>
      <![CDATA[Campaign Banner111748 added successfully]]>
    </system-out>
  </testcase> <!-- CreateCampaignWithClosedDate -->
  <testcase classname="CampaignTest.CreateCampaignWithTestNG" name="CreateCampaignWithMandatoryField" time="12.941">
    <system-out>
      <![CDATA[Campaign Banner112071 added successfully]]>
    </system-out>
  </testcase> <!-- CreateCampaignWithMandatoryField -->
  <system-out>
    <![CDATA[Campaign Banner111748 added successfully
Campaign Banner112071 added successfully]]>
  </system-out>
</testsuite> <!-- CampaignTest.CreateCampaignWithTestNG -->
