<?xml version="1.0" encoding="UTF-8"?>
<!-- Generated by org.testng.reporters.JUnitReportReporter -->
<testsuite hostname="DESKTOP-1ULGF16" failures="0" tests="1" name="Login.LoginWithTESTNG" time="9.831" errors="0" timestamp="2025-03-28T11:31:51 IST" skipped="0">
  <testcase classname="Login.LoginWithTESTNG" name="loginTest" time="9.831"/>
  <system-out>
    <![CDATA[Validation is passed]]>
  </system-out>
</testsuite> <!-- Login.LoginWithTESTNG -->
